<?xml version="1.0" encoding="UTF-8"?>
<testsuite xmlns:xsi="http://www.w3.org/2001/XMLSchema-instance" xsi:noNamespaceSchemaLocation="https://maven.apache.org/surefire/maven-surefire-plugin/xsd/surefire-test-report-3.0.xsd" version="3.0" name="com.example.configserver.ConfigServerApplicationTests" time="3.229" tests="1" errors="0" skipped="0" failures="0">
  <properties>
[...]
</properties>
  <testcase name="contextLoads" classname="com.example.configserver.ConfigServerApplicationTests" time="0.924">
    <system-out><![CDATA[10:20:02.772 [main] INFO org.springframework.test.context.support.AnnotationConfigContextLoaderUtils -- Could not detect default configuration classes for test class [com.example.configserver.ConfigServerApplicationTests]: ConfigServerApplicationTests does not declare any static, non-private, non-final, nested classes annotated with @Configuration.
10:20:02.865 [main] INFO org.springframework.boot.test.context.SpringBootTestContextBootstrapper -- Found @SpringBootConfiguration com.example.configserver.ConfigServerApplication for test class com.example.configserver.ConfigServerApplicationTests

  .   ____          _            __ _ _
 /\\ / ___'_ __ _ _(_)_ __  __ _ \ \ \ \
( ( )\___ | '_ | '_| | '_ \/ _` | \ \ \ \
 \\/  ___)| |_)| | | | | || (_| |  ) ) ) )
  '  |____| .__|_| |_|_| |_\__, | / / / /
 =========|_|==============|___/=/_/_/_/
 :: Spring Boot ::                (v3.1.7)

2024-01-11T10:20:03.329-06:00  INFO 10145 --- [           main] c.e.c.ConfigServerApplicationTests       : Starting ConfigServerApplicationTests using Java 21.0.1 with PID 10145 (started by rextro in /Users/rextro/Documents/Github Repository/Microservices SpringBoot/config-server)
2024-01-11T10:20:03.331-06:00  INFO 10145 --- [           main] c.e.c.ConfigServerApplicationTests       : The following 1 profile is active: "native"
2024-01-11T10:20:04.123-06:00  INFO 10145 --- [           main] o.s.cloud.context.scope.GenericScope     : BeanFactory id=f360dc2c-f9b5-3458-8f86-aabdf20b90b8
2024-01-11T10:20:04.892-06:00  INFO 10145 --- [           main] c.e.c.ConfigServerApplicationTests       : Started ConfigServerApplicationTests in 1.894 seconds (process running for 2.807)
]]></system-out>
    <system-err><![CDATA[WARNING: A Java agent has been loaded dynamically (/Users/rextro/.m2/repository/net/bytebuddy/byte-buddy-agent/1.14.10/byte-buddy-agent-1.14.10.jar)
WARNING: If a serviceability tool is in use, please run with -XX:+EnableDynamicAgentLoading to hide this warning
WARNING: If a serviceability tool is not in use, please run with -Djdk.instrument.traceUsage for more information
WARNING: Dynamic loading of agents will be disallowed by default in a future release
]]></system-err>
  </testcase>
</testsuite>